<?xml version="1.0" encoding="UTF-8"?>
<testng-results ignored="0" total="18" passed="18" failed="0" skipped="0">
  <reporter-output>
  </reporter-output>
  <suite started-at="2023-07-03T18:14:34 IST" name="Suite" finished-at="2023-07-03T18:15:11 IST" duration-ms="36884">
    <groups>
    </groups>
    <test started-at="2023-07-03T18:14:34 IST" name="Test" finished-at="2023-07-03T18:15:11 IST" duration-ms="36884">
      <class name="gitHub.Github_Test">
        <test-method signature="get_test()[pri:1, instance:gitHub.Github_Test@3023df74]" started-at="2023-07-03T18:14:35 IST" name="get_test" finished-at="2023-07-03T18:14:54 IST" duration-ms="19642" status="PASS">
          <reporter-output>
          </reporter-output>
        </test-method> <!-- get_test -->
        <test-method signature="git_update_repository()[pri:2, instance:gitHub.Github_Test@3023df74]" started-at="2023-07-03T18:14:54 IST" name="git_update_repository" finished-at="2023-07-03T18:14:55 IST" duration-ms="947" status="PASS">
          <reporter-output>
          </reporter-output>
        </test-method> <!-- git_update_repository -->
        <test-method signature="git_delete_repository()[pri:3, instance:gitHub.Github_Test@3023df74]" started-at="2023-07-03T18:14:55 IST" name="git_delete_repository" finished-at="2023-07-03T18:14:56 IST" duration-ms="884" status="PASS">
          <reporter-output>
          </reporter-output>
        </test-method> <!-- git_delete_repository -->
        <test-method signature="git_get_repository()[pri:4, instance:gitHub.Github_Test@3023df74]" started-at="2023-07-03T18:14:56 IST" name="git_get_repository" finished-at="2023-07-03T18:14:57 IST" duration-ms="636" status="PASS">
          <reporter-output>
          </reporter-output>
        </test-method> <!-- git_get_repository -->
        <test-method signature="create_a_fork()[pri:5, instance:gitHub.Github_Test@3023df74]" started-at="2023-07-03T18:14:57 IST" name="create_a_fork" finished-at="2023-07-03T18:14:58 IST" duration-ms="672" status="PASS">
          <reporter-output>
          </reporter-output>
        </test-method> <!-- create_a_fork -->
        <test-method signature="list_forks()[pri:6, instance:gitHub.Github_Test@3023df74]" started-at="2023-07-03T18:14:58 IST" name="list_forks" finished-at="2023-07-03T18:14:58 IST" duration-ms="562" status="PASS">
          <reporter-output>
          </reporter-output>
        </test-method> <!-- list_forks -->
        <test-method signature="list_repositories()[pri:7, instance:gitHub.Github_Test@3023df74]" started-at="2023-07-03T18:14:58 IST" name="list_repositories" finished-at="2023-07-03T18:14:59 IST" duration-ms="565" status="PASS">
          <reporter-output>
          </reporter-output>
        </test-method> <!-- list_repositories -->
        <test-method signature="list_repo_lang()[pri:8, instance:gitHub.Github_Test@3023df74]" started-at="2023-07-03T18:14:59 IST" name="list_repo_lang" finished-at="2023-07-03T18:14:59 IST" duration-ms="510" status="PASS">
          <reporter-output>
          </reporter-output>
        </test-method> <!-- list_repo_lang -->
        <test-method signature="list_public_repo()[pri:9, instance:gitHub.Github_Test@3023df74]" started-at="2023-07-03T18:14:59 IST" name="list_public_repo" finished-at="2023-07-03T18:15:01 IST" duration-ms="1659" status="PASS">
          <reporter-output>
          </reporter-output>
        </test-method> <!-- list_public_repo -->
        <test-method signature="create_a_file_content()[pri:10, instance:gitHub.Github_Test@3023df74]" started-at="2023-07-03T18:15:01 IST" name="create_a_file_content" finished-at="2023-07-03T18:15:06 IST" duration-ms="4639" status="PASS">
          <reporter-output>
          </reporter-output>
        </test-method> <!-- create_a_file_content -->
        <test-method signature="update_a_file_content()[pri:11, instance:gitHub.Github_Test@3023df74]" started-at="2023-07-03T18:15:06 IST" name="update_a_file_content" finished-at="2023-07-03T18:15:07 IST" duration-ms="1839" status="PASS">
          <reporter-output>
          </reporter-output>
        </test-method> <!-- update_a_file_content -->
        <test-method signature="delete_a_file_content()[pri:12, instance:gitHub.Github_Test@3023df74]" started-at="2023-07-03T18:15:07 IST" name="delete_a_file_content" finished-at="2023-07-03T18:15:08 IST" duration-ms="736" status="PASS">
          <reporter-output>
          </reporter-output>
        </test-method> <!-- delete_a_file_content -->
        <test-method signature="list_repo_tags()[pri:13, instance:gitHub.Github_Test@3023df74]" started-at="2023-07-03T18:15:08 IST" name="list_repo_tags" finished-at="2023-07-03T18:15:09 IST" duration-ms="476" status="PASS">
          <reporter-output>
          </reporter-output>
        </test-method> <!-- list_repo_tags -->
        <test-method signature="git_create_an_autolink()[pri:14, instance:gitHub.Github_Test@3023df74]" started-at="2023-07-03T18:15:09 IST" name="git_create_an_autolink" finished-at="2023-07-03T18:15:09 IST" duration-ms="565" status="PASS">
          <reporter-output>
          </reporter-output>
        </test-method> <!-- git_create_an_autolink -->
        <test-method signature="get_an_autolink_from_a_repo()[pri:15, instance:gitHub.Github_Test@3023df74]" started-at="2023-07-03T18:15:09 IST" name="get_an_autolink_from_a_repo" finished-at="2023-07-03T18:15:10 IST" duration-ms="462" status="PASS">
          <reporter-output>
          </reporter-output>
        </test-method> <!-- get_an_autolink_from_a_repo -->
        <test-method signature="git_an_delete_autolink_from_a_repo()[pri:16, instance:gitHub.Github_Test@3023df74]" started-at="2023-07-03T18:15:10 IST" name="git_an_delete_autolink_from_a_repo" finished-at="2023-07-03T18:15:10 IST" duration-ms="477" status="PASS">
          <reporter-output>
          </reporter-output>
        </test-method> <!-- git_an_delete_autolink_from_a_repo -->
        <test-method signature="getall_repo_topics()[pri:17, instance:gitHub.Github_Test@3023df74]" started-at="2023-07-03T18:15:10 IST" name="getall_repo_topics" finished-at="2023-07-03T18:15:11 IST" duration-ms="488" status="PASS">
          <reporter-output>
          </reporter-output>
        </test-method> <!-- getall_repo_topics -->
        <test-method signature="git_replace_a_repo_topic()[pri:18, instance:gitHub.Github_Test@3023df74]" started-at="2023-07-03T18:15:11 IST" name="git_replace_a_repo_topic" finished-at="2023-07-03T18:15:11 IST" duration-ms="612" status="PASS">
          <reporter-output>
          </reporter-output>
        </test-method> <!-- git_replace_a_repo_topic -->
      </class> <!-- gitHub.Github_Test -->
    </test> <!-- Test -->
  </suite> <!-- Suite -->
</testng-results>
