<?xml version="1.0" encoding="UTF-8"?>
<!-- Generated by org.testng.reporters.JUnitXMLReporter -->
<testsuite ignored="0" hostname="DESKTOP-ESQ6V0D" failures="0" tests="18" name="Test" time="36.884" errors="0" timestamp="2023-07-03T18:15:12 IST">
  <testcase classname="gitHub.Github_Test" name="get_test" time="19.642"/>
  <testcase classname="gitHub.Github_Test" name="git_update_repository" time="0.947"/>
  <testcase classname="gitHub.Github_Test" name="git_delete_repository" time="0.884"/>
  <testcase classname="gitHub.Github_Test" name="git_get_repository" time="0.636"/>
  <testcase classname="gitHub.Github_Test" name="create_a_fork" time="0.672"/>
  <testcase classname="gitHub.Github_Test" name="list_forks" time="0.562"/>
  <testcase classname="gitHub.Github_Test" name="list_repositories" time="0.565"/>
  <testcase classname="gitHub.Github_Test" name="list_repo_lang" time="0.51"/>
  <testcase classname="gitHub.Github_Test" name="list_public_repo" time="1.659"/>
  <testcase classname="gitHub.Github_Test" name="create_a_file_content" time="4.639"/>
  <testcase classname="gitHub.Github_Test" name="update_a_file_content" time="1.839"/>
  <testcase classname="gitHub.Github_Test" name="delete_a_file_content" time="0.736"/>
  <testcase classname="gitHub.Github_Test" name="list_repo_tags" time="0.476"/>
  <testcase classname="gitHub.Github_Test" name="git_create_an_autolink" time="0.565"/>
  <testcase classname="gitHub.Github_Test" name="get_an_autolink_from_a_repo" time="0.462"/>
  <testcase classname="gitHub.Github_Test" name="git_an_delete_autolink_from_a_repo" time="0.477"/>
  <testcase classname="gitHub.Github_Test" name="getall_repo_topics" time="0.488"/>
  <testcase classname="gitHub.Github_Test" name="git_replace_a_repo_topic" time="0.612"/>
</testsuite> <!-- Test -->
